2023-02-04 13:42:44.715  INFO [API-GATEWAY,,] 76376 --- [main] c.edu.apigateway.ApiGatewayApplication   : Starting ApiGatewayApplication using Java 11.0.17 on sask-VirtualBox with PID 76376 (/home/sask/Documents/edureka/book-issuer-ms/api-gateway/target/classes started by sask in /home/sask/Documents/edureka/book-issuer-ms)
2023-02-04 13:42:44.721  INFO [API-GATEWAY,,] 76376 --- [main] c.edu.apigateway.ApiGatewayApplication   : No active profile set, falling back to 1 default profile: "default"
2023-02-04 13:42:46.653  WARN [API-GATEWAY,,] 76376 --- [main] o.s.boot.actuate.endpoint.EndpointId     : Endpoint ID 'hystrix.stream' contains invalid characters, please migrate to a valid format.
2023-02-04 13:42:49.119  INFO [API-GATEWAY,,] 76376 --- [main] o.s.cloud.context.scope.GenericScope     : BeanFactory id=8825fc45-fb00-39cf-877d-3706d2d9a45e
2023-02-04 13:42:49.684  INFO [API-GATEWAY,,] 76376 --- [main] trationDelegate$BeanPostProcessorChecker : Bean 'org.springframework.cloud.client.loadbalancer.reactive.LoadBalancerBeanPostProcessorAutoConfiguration' of type [org.springframework.cloud.client.loadbalancer.reactive.LoadBalancerBeanPostProcessorAutoConfiguration] is not eligible for getting processed by all BeanPostProcessors (for example: not eligible for auto-proxying)
2023-02-04 13:42:49.693  INFO [API-GATEWAY,,] 76376 --- [main] trationDelegate$BeanPostProcessorChecker : Bean 'org.springframework.cloud.client.loadbalancer.reactive.LoadBalancerBeanPostProcessorAutoConfiguration$ReactorDeferringLoadBalancerFilterConfig' of type [org.springframework.cloud.client.loadbalancer.reactive.LoadBalancerBeanPostProcessorAutoConfiguration$ReactorDeferringLoadBalancerFilterConfig] is not eligible for getting processed by all BeanPostProcessors (for example: not eligible for auto-proxying)
2023-02-04 13:42:49.702  INFO [API-GATEWAY,,] 76376 --- [main] trationDelegate$BeanPostProcessorChecker : Bean 'reactorDeferringLoadBalancerExchangeFilterFunction' of type [org.springframework.cloud.client.loadbalancer.reactive.DeferringLoadBalancerExchangeFilterFunction] is not eligible for getting processed by all BeanPostProcessors (for example: not eligible for auto-proxying)
2023-02-04 13:42:53.791 DEBUG [API-GATEWAY,,] 76376 --- [main] o.s.c.gateway.config.GatewayProperties   : Routes supplied from Gateway Properties: [RouteDefinition{id='BOOK-MICROSERVICE', predicates=[PredicateDefinition{name='Path', args={_genkey_0=/book/**}}, PredicateDefinition{name='Method', args={_genkey_0=GET, _genkey_1=POST, _genkey_2=DELETE}}], filters=[FilterDefinition{name='RewritePath', args={_genkey_0=/book/(?<path>.*), _genkey_1=/$\{path}}}], uri=lb://BOOK-MICROSERVICE, order=0, metadata={}}, RouteDefinition{id='ISSUER-MICROSERVICE', predicates=[PredicateDefinition{name='Path', args={_genkey_0=/issuer/**}}, PredicateDefinition{name='Method', args={_genkey_0=GET, _genkey_1=POST, _genkey_2=DELETE}}], filters=[FilterDefinition{name='RewritePath', args={_genkey_0=/issuer/(?<path>.*), _genkey_1=/$\{path}}}], uri=lb://ISSUER-MICROSERVICE, order=0, metadata={}}, RouteDefinition{id='OAUTH2-SERVICE', predicates=[PredicateDefinition{name='Path', args={_genkey_0=/oauth2-service/**}}, PredicateDefinition{name='Method', args={_genkey_0=GET, _genkey_1=POST}}], filters=[FilterDefinition{name='RewritePath', args={_genkey_0=/oauth2-service/(?<path>.*), _genkey_1=/$\{path}}}], uri=lb://OAUTH2-SERVICE, order=0, metadata={}}]
2023-02-04 13:42:54.450  INFO [API-GATEWAY,,] 76376 --- [main] o.s.c.g.r.RouteDefinitionRouteLocator    : Loaded RoutePredicateFactory [After]
2023-02-04 13:42:54.451  INFO [API-GATEWAY,,] 76376 --- [main] o.s.c.g.r.RouteDefinitionRouteLocator    : Loaded RoutePredicateFactory [Before]
2023-02-04 13:42:54.451  INFO [API-GATEWAY,,] 76376 --- [main] o.s.c.g.r.RouteDefinitionRouteLocator    : Loaded RoutePredicateFactory [Between]
2023-02-04 13:42:54.451  INFO [API-GATEWAY,,] 76376 --- [main] o.s.c.g.r.RouteDefinitionRouteLocator    : Loaded RoutePredicateFactory [Cookie]
2023-02-04 13:42:54.451  INFO [API-GATEWAY,,] 76376 --- [main] o.s.c.g.r.RouteDefinitionRouteLocator    : Loaded RoutePredicateFactory [Header]
2023-02-04 13:42:54.451  INFO [API-GATEWAY,,] 76376 --- [main] o.s.c.g.r.RouteDefinitionRouteLocator    : Loaded RoutePredicateFactory [Host]
2023-02-04 13:42:54.451  INFO [API-GATEWAY,,] 76376 --- [main] o.s.c.g.r.RouteDefinitionRouteLocator    : Loaded RoutePredicateFactory [Method]
2023-02-04 13:42:54.452  INFO [API-GATEWAY,,] 76376 --- [main] o.s.c.g.r.RouteDefinitionRouteLocator    : Loaded RoutePredicateFactory [Path]
2023-02-04 13:42:54.452  INFO [API-GATEWAY,,] 76376 --- [main] o.s.c.g.r.RouteDefinitionRouteLocator    : Loaded RoutePredicateFactory [Query]
2023-02-04 13:42:54.452  INFO [API-GATEWAY,,] 76376 --- [main] o.s.c.g.r.RouteDefinitionRouteLocator    : Loaded RoutePredicateFactory [ReadBody]
2023-02-04 13:42:54.452  INFO [API-GATEWAY,,] 76376 --- [main] o.s.c.g.r.RouteDefinitionRouteLocator    : Loaded RoutePredicateFactory [RemoteAddr]
2023-02-04 13:42:54.452  INFO [API-GATEWAY,,] 76376 --- [main] o.s.c.g.r.RouteDefinitionRouteLocator    : Loaded RoutePredicateFactory [XForwardedRemoteAddr]
2023-02-04 13:42:54.453  INFO [API-GATEWAY,,] 76376 --- [main] o.s.c.g.r.RouteDefinitionRouteLocator    : Loaded RoutePredicateFactory [Weight]
2023-02-04 13:42:54.453  INFO [API-GATEWAY,,] 76376 --- [main] o.s.c.g.r.RouteDefinitionRouteLocator    : Loaded RoutePredicateFactory [CloudFoundryRouteService]
2023-02-04 13:42:55.892  INFO [API-GATEWAY,,] 76376 --- [main] o.s.b.a.e.web.EndpointLinksResolver      : Exposing 6 endpoint(s) beneath base path '/actuator'
2023-02-04 13:42:56.863  INFO [API-GATEWAY,,] 76376 --- [main] DiscoveryClientOptionalArgsConfiguration : Eureka HTTP Client uses RestTemplate.
2023-02-04 13:42:57.226  WARN [API-GATEWAY,,] 76376 --- [main] iguration$LoadBalancerCaffeineWarnLogger : Spring Cloud LoadBalancer is currently working with the default cache. While this cache implementation is useful for development and tests, it's recommended to use Caffeine cache in production.You can switch to using Caffeine cache, by adding it and org.springframework.cache.caffeine.CaffeineCacheManager to the classpath.
2023-02-04 13:42:57.529  INFO [API-GATEWAY,,] 76376 --- [main] o.s.c.n.eureka.InstanceInfoFactory       : Setting initial instance status as: STARTING
2023-02-04 13:42:57.576  INFO [API-GATEWAY,,] 76376 --- [main] com.netflix.discovery.DiscoveryClient    : Initializing Eureka in region us-east-1
2023-02-04 13:42:57.582  INFO [API-GATEWAY,,] 76376 --- [main] c.n.d.s.r.aws.ConfigClusterResolver      : Resolving eureka endpoints via configuration
2023-02-04 13:42:57.609  INFO [API-GATEWAY,,] 76376 --- [main] com.netflix.discovery.DiscoveryClient    : Disable delta property : false
2023-02-04 13:42:57.609  INFO [API-GATEWAY,,] 76376 --- [main] com.netflix.discovery.DiscoveryClient    : Single vip registry refresh property : null
2023-02-04 13:42:57.610  INFO [API-GATEWAY,,] 76376 --- [main] com.netflix.discovery.DiscoveryClient    : Force full registry fetch : false
2023-02-04 13:42:57.610  INFO [API-GATEWAY,,] 76376 --- [main] com.netflix.discovery.DiscoveryClient    : Application is null : false
2023-02-04 13:42:57.610  INFO [API-GATEWAY,,] 76376 --- [main] com.netflix.discovery.DiscoveryClient    : Registered Applications size is zero : true
2023-02-04 13:42:57.610  INFO [API-GATEWAY,,] 76376 --- [main] com.netflix.discovery.DiscoveryClient    : Application version is -1: true
2023-02-04 13:42:57.610  INFO [API-GATEWAY,,] 76376 --- [main] com.netflix.discovery.DiscoveryClient    : Getting all instance registry info from the eureka server
2023-02-04 13:42:58.470  INFO [API-GATEWAY,,] 76376 --- [main] com.netflix.discovery.DiscoveryClient    : The response status is 200
2023-02-04 13:42:58.478  INFO [API-GATEWAY,,] 76376 --- [main] com.netflix.discovery.DiscoveryClient    : Starting heartbeat executor: renew interval is: 30
2023-02-04 13:42:58.484  INFO [API-GATEWAY,,] 76376 --- [main] c.n.discovery.InstanceInfoReplicator     : InstanceInfoReplicator onDemand update allowed rate per min is 4
2023-02-04 13:42:58.499  INFO [API-GATEWAY,,] 76376 --- [main] com.netflix.discovery.DiscoveryClient    : Discovery Client initialized at timestamp 1675536178498 with initial instances count: 2
2023-02-04 13:42:58.507  INFO [API-GATEWAY,,] 76376 --- [DiscoveryClient-InstanceInfoReplicator-0] com.netflix.discovery.DiscoveryClient    : Saw local status change event StatusChangeEvent [timestamp=1675536178507, current=UP, previous=STARTING]
2023-02-04 13:42:58.509  INFO [API-GATEWAY,,] 76376 --- [DiscoveryClient-InstanceInfoReplicator-0] com.netflix.discovery.DiscoveryClient    : DiscoveryClient_API-GATEWAY/192.168.2.156:API-GATEWAY:8181: registering service...
2023-02-04 13:42:58.525  INFO [API-GATEWAY,,] 76376 --- [main] o.s.c.n.e.s.EurekaServiceRegistry        : Registering application API-GATEWAY with eureka with status UP
2023-02-04 13:42:58.532  WARN [API-GATEWAY,,] 76376 --- [main] c.n.discovery.InstanceInfoReplicator     : Ignoring onDemand update due to rate limiter
2023-02-04 13:42:58.646 DEBUG [API-GATEWAY,,] 76376 --- [main] o.s.c.g.r.RouteDefinitionRouteLocator    : RouteDefinition BOOK-MICROSERVICE applying {_genkey_0=/book/**} to Path
2023-02-04 13:42:58.808  INFO [API-GATEWAY,,] 76376 --- [DiscoveryClient-InstanceInfoReplicator-0] com.netflix.discovery.DiscoveryClient    : DiscoveryClient_API-GATEWAY/192.168.2.156:API-GATEWAY:8181 - registration status: 204
2023-02-04 13:42:58.831 DEBUG [API-GATEWAY,,] 76376 --- [main] o.s.c.g.r.RouteDefinitionRouteLocator    : RouteDefinition BOOK-MICROSERVICE applying {_genkey_0=GET, _genkey_1=POST, _genkey_2=DELETE} to Method
2023-02-04 13:42:58.843 DEBUG [API-GATEWAY,,] 76376 --- [main] o.s.c.g.r.RouteDefinitionRouteLocator    : RouteDefinition BOOK-MICROSERVICE applying filter {_genkey_0=/book/(?<path>.*), _genkey_1=/$\{path}} to RewritePath
2023-02-04 13:42:58.867 DEBUG [API-GATEWAY,,] 76376 --- [main] o.s.c.g.r.RouteDefinitionRouteLocator    : RouteDefinition matched: BOOK-MICROSERVICE
2023-02-04 13:42:58.867 DEBUG [API-GATEWAY,,] 76376 --- [main] o.s.c.g.r.RouteDefinitionRouteLocator    : RouteDefinition ISSUER-MICROSERVICE applying {_genkey_0=/issuer/**} to Path
2023-02-04 13:42:58.869 DEBUG [API-GATEWAY,,] 76376 --- [main] o.s.c.g.r.RouteDefinitionRouteLocator    : RouteDefinition ISSUER-MICROSERVICE applying {_genkey_0=GET, _genkey_1=POST, _genkey_2=DELETE} to Method
2023-02-04 13:42:58.872 DEBUG [API-GATEWAY,,] 76376 --- [main] o.s.c.g.r.RouteDefinitionRouteLocator    : RouteDefinition ISSUER-MICROSERVICE applying filter {_genkey_0=/issuer/(?<path>.*), _genkey_1=/$\{path}} to RewritePath
2023-02-04 13:42:58.874 DEBUG [API-GATEWAY,,] 76376 --- [main] o.s.c.g.r.RouteDefinitionRouteLocator    : RouteDefinition matched: ISSUER-MICROSERVICE
2023-02-04 13:42:58.875 DEBUG [API-GATEWAY,,] 76376 --- [main] o.s.c.g.r.RouteDefinitionRouteLocator    : RouteDefinition OAUTH2-SERVICE applying {_genkey_0=/oauth2-service/**} to Path
2023-02-04 13:42:58.877 DEBUG [API-GATEWAY,,] 76376 --- [main] o.s.c.g.r.RouteDefinitionRouteLocator    : RouteDefinition OAUTH2-SERVICE applying {_genkey_0=GET, _genkey_1=POST} to Method
2023-02-04 13:42:58.878 DEBUG [API-GATEWAY,,] 76376 --- [main] o.s.c.g.r.RouteDefinitionRouteLocator    : RouteDefinition OAUTH2-SERVICE applying filter {_genkey_0=/oauth2-service/(?<path>.*), _genkey_1=/$\{path}} to RewritePath
2023-02-04 13:42:58.880 DEBUG [API-GATEWAY,,] 76376 --- [main] o.s.c.g.r.RouteDefinitionRouteLocator    : RouteDefinition matched: OAUTH2-SERVICE
2023-02-04 13:42:58.889 DEBUG [API-GATEWAY,,] 76376 --- [main] o.s.c.g.filter.GatewayMetricsFilter      : New routes count: 3
2023-02-04 13:42:59.001  INFO [API-GATEWAY,,] 76376 --- [main] o.s.b.web.embedded.netty.NettyWebServer  : Netty started on port 8181
2023-02-04 13:42:59.003  INFO [API-GATEWAY,,] 76376 --- [main] .s.c.n.e.s.EurekaAutoServiceRegistration : Updating port to 8181
2023-02-04 13:42:59.106 DEBUG [API-GATEWAY,,] 76376 --- [main] o.s.c.g.r.RouteDefinitionRouteLocator    : RouteDefinition BOOK-MICROSERVICE applying {_genkey_0=/book/**} to Path
2023-02-04 13:42:59.109 DEBUG [API-GATEWAY,,] 76376 --- [main] o.s.c.g.r.RouteDefinitionRouteLocator    : RouteDefinition BOOK-MICROSERVICE applying {_genkey_0=GET, _genkey_1=POST, _genkey_2=DELETE} to Method
2023-02-04 13:42:59.111 DEBUG [API-GATEWAY,,] 76376 --- [main] o.s.c.g.r.RouteDefinitionRouteLocator    : RouteDefinition BOOK-MICROSERVICE applying filter {_genkey_0=/book/(?<path>.*), _genkey_1=/$\{path}} to RewritePath
2023-02-04 13:42:59.113 DEBUG [API-GATEWAY,,] 76376 --- [main] o.s.c.g.r.RouteDefinitionRouteLocator    : RouteDefinition matched: BOOK-MICROSERVICE
2023-02-04 13:42:59.115 DEBUG [API-GATEWAY,,] 76376 --- [main] o.s.c.g.r.RouteDefinitionRouteLocator    : RouteDefinition ISSUER-MICROSERVICE applying {_genkey_0=/issuer/**} to Path
2023-02-04 13:42:59.119 DEBUG [API-GATEWAY,,] 76376 --- [main] o.s.c.g.r.RouteDefinitionRouteLocator    : RouteDefinition ISSUER-MICROSERVICE applying {_genkey_0=GET, _genkey_1=POST, _genkey_2=DELETE} to Method
2023-02-04 13:42:59.124 DEBUG [API-GATEWAY,,] 76376 --- [main] o.s.c.g.r.RouteDefinitionRouteLocator    : RouteDefinition ISSUER-MICROSERVICE applying filter {_genkey_0=/issuer/(?<path>.*), _genkey_1=/$\{path}} to RewritePath
2023-02-04 13:42:59.126 DEBUG [API-GATEWAY,,] 76376 --- [main] o.s.c.g.r.RouteDefinitionRouteLocator    : RouteDefinition matched: ISSUER-MICROSERVICE
2023-02-04 13:42:59.127 DEBUG [API-GATEWAY,,] 76376 --- [main] o.s.c.g.r.RouteDefinitionRouteLocator    : RouteDefinition OAUTH2-SERVICE applying {_genkey_0=/oauth2-service/**} to Path
2023-02-04 13:42:59.129 DEBUG [API-GATEWAY,,] 76376 --- [main] o.s.c.g.r.RouteDefinitionRouteLocator    : RouteDefinition OAUTH2-SERVICE applying {_genkey_0=GET, _genkey_1=POST} to Method
2023-02-04 13:42:59.132 DEBUG [API-GATEWAY,,] 76376 --- [main] o.s.c.g.r.RouteDefinitionRouteLocator    : RouteDefinition OAUTH2-SERVICE applying filter {_genkey_0=/oauth2-service/(?<path>.*), _genkey_1=/$\{path}} to RewritePath
2023-02-04 13:42:59.137 DEBUG [API-GATEWAY,,] 76376 --- [main] o.s.c.g.r.RouteDefinitionRouteLocator    : RouteDefinition matched: OAUTH2-SERVICE
2023-02-04 13:42:59.143 DEBUG [API-GATEWAY,,] 76376 --- [main] o.s.c.g.filter.GatewayMetricsFilter      : New routes count: 3
2023-02-04 13:42:59.163  INFO [API-GATEWAY,,] 76376 --- [main] c.edu.apigateway.ApiGatewayApplication   : Started ApiGatewayApplication in 16.314 seconds (JVM running for 19.145)
2023-02-04 13:43:28.518 DEBUG [API-GATEWAY,,] 76376 --- [DiscoveryClient-CacheRefreshExecutor-0] o.s.c.g.r.RouteDefinitionRouteLocator    : RouteDefinition BOOK-MICROSERVICE applying {_genkey_0=/book/**} to Path
2023-02-04 13:43:28.523 DEBUG [API-GATEWAY,,] 76376 --- [DiscoveryClient-CacheRefreshExecutor-0] o.s.c.g.r.RouteDefinitionRouteLocator    : RouteDefinition BOOK-MICROSERVICE applying {_genkey_0=GET, _genkey_1=POST, _genkey_2=DELETE} to Method
2023-02-04 13:43:28.525 DEBUG [API-GATEWAY,,] 76376 --- [DiscoveryClient-CacheRefreshExecutor-0] o.s.c.g.r.RouteDefinitionRouteLocator    : RouteDefinition BOOK-MICROSERVICE applying filter {_genkey_0=/book/(?<path>.*), _genkey_1=/$\{path}} to RewritePath
2023-02-04 13:43:28.527 DEBUG [API-GATEWAY,,] 76376 --- [DiscoveryClient-CacheRefreshExecutor-0] o.s.c.g.r.RouteDefinitionRouteLocator    : RouteDefinition matched: BOOK-MICROSERVICE
2023-02-04 13:43:28.530 DEBUG [API-GATEWAY,,] 76376 --- [DiscoveryClient-CacheRefreshExecutor-0] o.s.c.g.r.RouteDefinitionRouteLocator    : RouteDefinition ISSUER-MICROSERVICE applying {_genkey_0=/issuer/**} to Path
2023-02-04 13:43:28.534 DEBUG [API-GATEWAY,,] 76376 --- [DiscoveryClient-CacheRefreshExecutor-0] o.s.c.g.r.RouteDefinitionRouteLocator    : RouteDefinition ISSUER-MICROSERVICE applying {_genkey_0=GET, _genkey_1=POST, _genkey_2=DELETE} to Method
2023-02-04 13:43:28.539 DEBUG [API-GATEWAY,,] 76376 --- [DiscoveryClient-CacheRefreshExecutor-0] o.s.c.g.r.RouteDefinitionRouteLocator    : RouteDefinition ISSUER-MICROSERVICE applying filter {_genkey_0=/issuer/(?<path>.*), _genkey_1=/$\{path}} to RewritePath
2023-02-04 13:43:28.540 DEBUG [API-GATEWAY,,] 76376 --- [DiscoveryClient-CacheRefreshExecutor-0] o.s.c.g.r.RouteDefinitionRouteLocator    : RouteDefinition matched: ISSUER-MICROSERVICE
2023-02-04 13:43:28.540 DEBUG [API-GATEWAY,,] 76376 --- [DiscoveryClient-CacheRefreshExecutor-0] o.s.c.g.r.RouteDefinitionRouteLocator    : RouteDefinition OAUTH2-SERVICE applying {_genkey_0=/oauth2-service/**} to Path
2023-02-04 13:43:28.542 DEBUG [API-GATEWAY,,] 76376 --- [DiscoveryClient-CacheRefreshExecutor-0] o.s.c.g.r.RouteDefinitionRouteLocator    : RouteDefinition OAUTH2-SERVICE applying {_genkey_0=GET, _genkey_1=POST} to Method
2023-02-04 13:43:28.549 DEBUG [API-GATEWAY,,] 76376 --- [DiscoveryClient-CacheRefreshExecutor-0] o.s.c.g.r.RouteDefinitionRouteLocator    : RouteDefinition OAUTH2-SERVICE applying filter {_genkey_0=/oauth2-service/(?<path>.*), _genkey_1=/$\{path}} to RewritePath
2023-02-04 13:43:28.550 DEBUG [API-GATEWAY,,] 76376 --- [DiscoveryClient-CacheRefreshExecutor-0] o.s.c.g.r.RouteDefinitionRouteLocator    : RouteDefinition matched: OAUTH2-SERVICE
2023-02-04 13:43:28.552 DEBUG [API-GATEWAY,,] 76376 --- [DiscoveryClient-CacheRefreshExecutor-0] o.s.c.g.filter.GatewayMetricsFilter      : New routes count: 3
2023-02-04 13:43:58.564 DEBUG [API-GATEWAY,,] 76376 --- [DiscoveryClient-CacheRefreshExecutor-0] o.s.c.g.r.RouteDefinitionRouteLocator    : RouteDefinition BOOK-MICROSERVICE applying {_genkey_0=/book/**} to Path
2023-02-04 13:43:58.567 DEBUG [API-GATEWAY,,] 76376 --- [DiscoveryClient-CacheRefreshExecutor-0] o.s.c.g.r.RouteDefinitionRouteLocator    : RouteDefinition BOOK-MICROSERVICE applying {_genkey_0=GET, _genkey_1=POST, _genkey_2=DELETE} to Method
2023-02-04 13:43:58.568 DEBUG [API-GATEWAY,,] 76376 --- [DiscoveryClient-CacheRefreshExecutor-0] o.s.c.g.r.RouteDefinitionRouteLocator    : RouteDefinition BOOK-MICROSERVICE applying filter {_genkey_0=/book/(?<path>.*), _genkey_1=/$\{path}} to RewritePath
2023-02-04 13:43:58.570 DEBUG [API-GATEWAY,,] 76376 --- [DiscoveryClient-CacheRefreshExecutor-0] o.s.c.g.r.RouteDefinitionRouteLocator    : RouteDefinition matched: BOOK-MICROSERVICE
2023-02-04 13:43:58.571 DEBUG [API-GATEWAY,,] 76376 --- [DiscoveryClient-CacheRefreshExecutor-0] o.s.c.g.r.RouteDefinitionRouteLocator    : RouteDefinition ISSUER-MICROSERVICE applying {_genkey_0=/issuer/**} to Path
2023-02-04 13:43:58.573 DEBUG [API-GATEWAY,,] 76376 --- [DiscoveryClient-CacheRefreshExecutor-0] o.s.c.g.r.RouteDefinitionRouteLocator    : RouteDefinition ISSUER-MICROSERVICE applying {_genkey_0=GET, _genkey_1=POST, _genkey_2=DELETE} to Method
2023-02-04 13:43:58.574 DEBUG [API-GATEWAY,,] 76376 --- [DiscoveryClient-CacheRefreshExecutor-0] o.s.c.g.r.RouteDefinitionRouteLocator    : RouteDefinition ISSUER-MICROSERVICE applying filter {_genkey_0=/issuer/(?<path>.*), _genkey_1=/$\{path}} to RewritePath
2023-02-04 13:43:58.582 DEBUG [API-GATEWAY,,] 76376 --- [DiscoveryClient-CacheRefreshExecutor-0] o.s.c.g.r.RouteDefinitionRouteLocator    : RouteDefinition matched: ISSUER-MICROSERVICE
2023-02-04 13:43:58.582 DEBUG [API-GATEWAY,,] 76376 --- [DiscoveryClient-CacheRefreshExecutor-0] o.s.c.g.r.RouteDefinitionRouteLocator    : RouteDefinition OAUTH2-SERVICE applying {_genkey_0=/oauth2-service/**} to Path
2023-02-04 13:43:58.584 DEBUG [API-GATEWAY,,] 76376 --- [DiscoveryClient-CacheRefreshExecutor-0] o.s.c.g.r.RouteDefinitionRouteLocator    : RouteDefinition OAUTH2-SERVICE applying {_genkey_0=GET, _genkey_1=POST} to Method
2023-02-04 13:43:58.588 DEBUG [API-GATEWAY,,] 76376 --- [DiscoveryClient-CacheRefreshExecutor-0] o.s.c.g.r.RouteDefinitionRouteLocator    : RouteDefinition OAUTH2-SERVICE applying filter {_genkey_0=/oauth2-service/(?<path>.*), _genkey_1=/$\{path}} to RewritePath
2023-02-04 13:43:58.591 DEBUG [API-GATEWAY,,] 76376 --- [DiscoveryClient-CacheRefreshExecutor-0] o.s.c.g.r.RouteDefinitionRouteLocator    : RouteDefinition matched: OAUTH2-SERVICE
2023-02-04 13:43:58.594 DEBUG [API-GATEWAY,,] 76376 --- [DiscoveryClient-CacheRefreshExecutor-0] o.s.c.g.filter.GatewayMetricsFilter      : New routes count: 3
2023-02-04 13:44:28.627 DEBUG [API-GATEWAY,,] 76376 --- [DiscoveryClient-CacheRefreshExecutor-0] o.s.c.g.r.RouteDefinitionRouteLocator    : RouteDefinition BOOK-MICROSERVICE applying {_genkey_0=/book/**} to Path
2023-02-04 13:44:28.629 DEBUG [API-GATEWAY,,] 76376 --- [DiscoveryClient-CacheRefreshExecutor-0] o.s.c.g.r.RouteDefinitionRouteLocator    : RouteDefinition BOOK-MICROSERVICE applying {_genkey_0=GET, _genkey_1=POST, _genkey_2=DELETE} to Method
2023-02-04 13:44:28.632 DEBUG [API-GATEWAY,,] 76376 --- [DiscoveryClient-CacheRefreshExecutor-0] o.s.c.g.r.RouteDefinitionRouteLocator    : RouteDefinition BOOK-MICROSERVICE applying filter {_genkey_0=/book/(?<path>.*), _genkey_1=/$\{path}} to RewritePath
2023-02-04 13:44:28.635 DEBUG [API-GATEWAY,,] 76376 --- [DiscoveryClient-CacheRefreshExecutor-0] o.s.c.g.r.RouteDefinitionRouteLocator    : RouteDefinition matched: BOOK-MICROSERVICE
2023-02-04 13:44:28.636 DEBUG [API-GATEWAY,,] 76376 --- [DiscoveryClient-CacheRefreshExecutor-0] o.s.c.g.r.RouteDefinitionRouteLocator    : RouteDefinition ISSUER-MICROSERVICE applying {_genkey_0=/issuer/**} to Path
2023-02-04 13:44:28.640 DEBUG [API-GATEWAY,,] 76376 --- [DiscoveryClient-CacheRefreshExecutor-0] o.s.c.g.r.RouteDefinitionRouteLocator    : RouteDefinition ISSUER-MICROSERVICE applying {_genkey_0=GET, _genkey_1=POST, _genkey_2=DELETE} to Method
2023-02-04 13:44:28.643 DEBUG [API-GATEWAY,,] 76376 --- [DiscoveryClient-CacheRefreshExecutor-0] o.s.c.g.r.RouteDefinitionRouteLocator    : RouteDefinition ISSUER-MICROSERVICE applying filter {_genkey_0=/issuer/(?<path>.*), _genkey_1=/$\{path}} to RewritePath
2023-02-04 13:44:28.644 DEBUG [API-GATEWAY,,] 76376 --- [DiscoveryClient-CacheRefreshExecutor-0] o.s.c.g.r.RouteDefinitionRouteLocator    : RouteDefinition matched: ISSUER-MICROSERVICE
2023-02-04 13:44:28.645 DEBUG [API-GATEWAY,,] 76376 --- [DiscoveryClient-CacheRefreshExecutor-0] o.s.c.g.r.RouteDefinitionRouteLocator    : RouteDefinition OAUTH2-SERVICE applying {_genkey_0=/oauth2-service/**} to Path
2023-02-04 13:44:28.649 DEBUG [API-GATEWAY,,] 76376 --- [DiscoveryClient-CacheRefreshExecutor-0] o.s.c.g.r.RouteDefinitionRouteLocator    : RouteDefinition OAUTH2-SERVICE applying {_genkey_0=GET, _genkey_1=POST} to Method
2023-02-04 13:44:28.650 DEBUG [API-GATEWAY,,] 76376 --- [DiscoveryClient-CacheRefreshExecutor-0] o.s.c.g.r.RouteDefinitionRouteLocator    : RouteDefinition OAUTH2-SERVICE applying filter {_genkey_0=/oauth2-service/(?<path>.*), _genkey_1=/$\{path}} to RewritePath
2023-02-04 13:44:28.652 DEBUG [API-GATEWAY,,] 76376 --- [DiscoveryClient-CacheRefreshExecutor-0] o.s.c.g.r.RouteDefinitionRouteLocator    : RouteDefinition matched: OAUTH2-SERVICE
2023-02-04 13:44:28.653 DEBUG [API-GATEWAY,,] 76376 --- [DiscoveryClient-CacheRefreshExecutor-0] o.s.c.g.filter.GatewayMetricsFilter      : New routes count: 3
2023-02-04 13:44:58.668 DEBUG [API-GATEWAY,,] 76376 --- [DiscoveryClient-CacheRefreshExecutor-0] o.s.c.g.r.RouteDefinitionRouteLocator    : RouteDefinition BOOK-MICROSERVICE applying {_genkey_0=/book/**} to Path
2023-02-04 13:44:58.673 DEBUG [API-GATEWAY,,] 76376 --- [DiscoveryClient-CacheRefreshExecutor-0] o.s.c.g.r.RouteDefinitionRouteLocator    : RouteDefinition BOOK-MICROSERVICE applying {_genkey_0=GET, _genkey_1=POST, _genkey_2=DELETE} to Method
2023-02-04 13:44:58.679 DEBUG [API-GATEWAY,,] 76376 --- [DiscoveryClient-CacheRefreshExecutor-0] o.s.c.g.r.RouteDefinitionRouteLocator    : RouteDefinition BOOK-MICROSERVICE applying filter {_genkey_0=/book/(?<path>.*), _genkey_1=/$\{path}} to RewritePath
2023-02-04 13:44:58.685 DEBUG [API-GATEWAY,,] 76376 --- [DiscoveryClient-CacheRefreshExecutor-0] o.s.c.g.r.RouteDefinitionRouteLocator    : RouteDefinition matched: BOOK-MICROSERVICE
2023-02-04 13:44:58.686 DEBUG [API-GATEWAY,,] 76376 --- [DiscoveryClient-CacheRefreshExecutor-0] o.s.c.g.r.RouteDefinitionRouteLocator    : RouteDefinition ISSUER-MICROSERVICE applying {_genkey_0=/issuer/**} to Path
2023-02-04 13:44:58.688 DEBUG [API-GATEWAY,,] 76376 --- [DiscoveryClient-CacheRefreshExecutor-0] o.s.c.g.r.RouteDefinitionRouteLocator    : RouteDefinition ISSUER-MICROSERVICE applying {_genkey_0=GET, _genkey_1=POST, _genkey_2=DELETE} to Method
2023-02-04 13:44:58.691 DEBUG [API-GATEWAY,,] 76376 --- [DiscoveryClient-CacheRefreshExecutor-0] o.s.c.g.r.RouteDefinitionRouteLocator    : RouteDefinition ISSUER-MICROSERVICE applying filter {_genkey_0=/issuer/(?<path>.*), _genkey_1=/$\{path}} to RewritePath
2023-02-04 13:44:58.693 DEBUG [API-GATEWAY,,] 76376 --- [DiscoveryClient-CacheRefreshExecutor-0] o.s.c.g.r.RouteDefinitionRouteLocator    : RouteDefinition matched: ISSUER-MICROSERVICE
2023-02-04 13:44:58.694 DEBUG [API-GATEWAY,,] 76376 --- [DiscoveryClient-CacheRefreshExecutor-0] o.s.c.g.r.RouteDefinitionRouteLocator    : RouteDefinition OAUTH2-SERVICE applying {_genkey_0=/oauth2-service/**} to Path
2023-02-04 13:44:58.697 DEBUG [API-GATEWAY,,] 76376 --- [DiscoveryClient-CacheRefreshExecutor-0] o.s.c.g.r.RouteDefinitionRouteLocator    : RouteDefinition OAUTH2-SERVICE applying {_genkey_0=GET, _genkey_1=POST} to Method
2023-02-04 13:44:58.700 DEBUG [API-GATEWAY,,] 76376 --- [DiscoveryClient-CacheRefreshExecutor-0] o.s.c.g.r.RouteDefinitionRouteLocator    : RouteDefinition OAUTH2-SERVICE applying filter {_genkey_0=/oauth2-service/(?<path>.*), _genkey_1=/$\{path}} to RewritePath
2023-02-04 13:44:58.702 DEBUG [API-GATEWAY,,] 76376 --- [DiscoveryClient-CacheRefreshExecutor-0] o.s.c.g.r.RouteDefinitionRouteLocator    : RouteDefinition matched: OAUTH2-SERVICE
2023-02-04 13:44:58.703 DEBUG [API-GATEWAY,,] 76376 --- [DiscoveryClient-CacheRefreshExecutor-0] o.s.c.g.filter.GatewayMetricsFilter      : New routes count: 3
2023-02-04 13:45:28.719 DEBUG [API-GATEWAY,,] 76376 --- [DiscoveryClient-CacheRefreshExecutor-0] o.s.c.g.r.RouteDefinitionRouteLocator    : RouteDefinition BOOK-MICROSERVICE applying {_genkey_0=/book/**} to Path
2023-02-04 13:45:28.721 DEBUG [API-GATEWAY,,] 76376 --- [DiscoveryClient-CacheRefreshExecutor-0] o.s.c.g.r.RouteDefinitionRouteLocator    : RouteDefinition BOOK-MICROSERVICE applying {_genkey_0=GET, _genkey_1=POST, _genkey_2=DELETE} to Method
2023-02-04 13:45:28.722 DEBUG [API-GATEWAY,,] 76376 --- [DiscoveryClient-CacheRefreshExecutor-0] o.s.c.g.r.RouteDefinitionRouteLocator    : RouteDefinition BOOK-MICROSERVICE applying filter {_genkey_0=/book/(?<path>.*), _genkey_1=/$\{path}} to RewritePath
2023-02-04 13:45:28.724 DEBUG [API-GATEWAY,,] 76376 --- [DiscoveryClient-CacheRefreshExecutor-0] o.s.c.g.r.RouteDefinitionRouteLocator    : RouteDefinition matched: BOOK-MICROSERVICE
2023-02-04 13:45:28.725 DEBUG [API-GATEWAY,,] 76376 --- [DiscoveryClient-CacheRefreshExecutor-0] o.s.c.g.r.RouteDefinitionRouteLocator    : RouteDefinition ISSUER-MICROSERVICE applying {_genkey_0=/issuer/**} to Path
2023-02-04 13:45:28.727 DEBUG [API-GATEWAY,,] 76376 --- [DiscoveryClient-CacheRefreshExecutor-0] o.s.c.g.r.RouteDefinitionRouteLocator    : RouteDefinition ISSUER-MICROSERVICE applying {_genkey_0=GET, _genkey_1=POST, _genkey_2=DELETE} to Method
2023-02-04 13:45:28.729 DEBUG [API-GATEWAY,,] 76376 --- [DiscoveryClient-CacheRefreshExecutor-0] o.s.c.g.r.RouteDefinitionRouteLocator    : RouteDefinition ISSUER-MICROSERVICE applying filter {_genkey_0=/issuer/(?<path>.*), _genkey_1=/$\{path}} to RewritePath
2023-02-04 13:45:28.738 DEBUG [API-GATEWAY,,] 76376 --- [DiscoveryClient-CacheRefreshExecutor-0] o.s.c.g.r.RouteDefinitionRouteLocator    : RouteDefinition matched: ISSUER-MICROSERVICE
2023-02-04 13:45:28.739 DEBUG [API-GATEWAY,,] 76376 --- [DiscoveryClient-CacheRefreshExecutor-0] o.s.c.g.r.RouteDefinitionRouteLocator    : RouteDefinition OAUTH2-SERVICE applying {_genkey_0=/oauth2-service/**} to Path
2023-02-04 13:45:28.742 DEBUG [API-GATEWAY,,] 76376 --- [DiscoveryClient-CacheRefreshExecutor-0] o.s.c.g.r.RouteDefinitionRouteLocator    : RouteDefinition OAUTH2-SERVICE applying {_genkey_0=GET, _genkey_1=POST} to Method
2023-02-04 13:45:28.744 DEBUG [API-GATEWAY,,] 76376 --- [DiscoveryClient-CacheRefreshExecutor-0] o.s.c.g.r.RouteDefinitionRouteLocator    : RouteDefinition OAUTH2-SERVICE applying filter {_genkey_0=/oauth2-service/(?<path>.*), _genkey_1=/$\{path}} to RewritePath
2023-02-04 13:45:28.747 DEBUG [API-GATEWAY,,] 76376 --- [DiscoveryClient-CacheRefreshExecutor-0] o.s.c.g.r.RouteDefinitionRouteLocator    : RouteDefinition matched: OAUTH2-SERVICE
2023-02-04 13:45:28.748 DEBUG [API-GATEWAY,,] 76376 --- [DiscoveryClient-CacheRefreshExecutor-0] o.s.c.g.filter.GatewayMetricsFilter      : New routes count: 3
2023-02-04 13:45:58.818 DEBUG [API-GATEWAY,,] 76376 --- [DiscoveryClient-CacheRefreshExecutor-0] o.s.c.g.r.RouteDefinitionRouteLocator    : RouteDefinition BOOK-MICROSERVICE applying {_genkey_0=/book/**} to Path
2023-02-04 13:45:58.824 DEBUG [API-GATEWAY,,] 76376 --- [DiscoveryClient-CacheRefreshExecutor-0] o.s.c.g.r.RouteDefinitionRouteLocator    : RouteDefinition BOOK-MICROSERVICE applying {_genkey_0=GET, _genkey_1=POST, _genkey_2=DELETE} to Method
2023-02-04 13:45:58.826 DEBUG [API-GATEWAY,,] 76376 --- [DiscoveryClient-CacheRefreshExecutor-0] o.s.c.g.r.RouteDefinitionRouteLocator    : RouteDefinition BOOK-MICROSERVICE applying filter {_genkey_0=/book/(?<path>.*), _genkey_1=/$\{path}} to RewritePath
2023-02-04 13:45:58.830 DEBUG [API-GATEWAY,,] 76376 --- [DiscoveryClient-CacheRefreshExecutor-0] o.s.c.g.r.RouteDefinitionRouteLocator    : RouteDefinition matched: BOOK-MICROSERVICE
2023-02-04 13:45:58.831 DEBUG [API-GATEWAY,,] 76376 --- [DiscoveryClient-CacheRefreshExecutor-0] o.s.c.g.r.RouteDefinitionRouteLocator    : RouteDefinition ISSUER-MICROSERVICE applying {_genkey_0=/issuer/**} to Path
2023-02-04 13:45:58.853 DEBUG [API-GATEWAY,,] 76376 --- [DiscoveryClient-CacheRefreshExecutor-0] o.s.c.g.r.RouteDefinitionRouteLocator    : RouteDefinition ISSUER-MICROSERVICE applying {_genkey_0=GET, _genkey_1=POST, _genkey_2=DELETE} to Method
2023-02-04 13:45:58.876 DEBUG [API-GATEWAY,,] 76376 --- [DiscoveryClient-CacheRefreshExecutor-0] o.s.c.g.r.RouteDefinitionRouteLocator    : RouteDefinition ISSUER-MICROSERVICE applying filter {_genkey_0=/issuer/(?<path>.*), _genkey_1=/$\{path}} to RewritePath
2023-02-04 13:45:58.915 DEBUG [API-GATEWAY,,] 76376 --- [DiscoveryClient-CacheRefreshExecutor-0] o.s.c.g.r.RouteDefinitionRouteLocator    : RouteDefinition matched: ISSUER-MICROSERVICE
2023-02-04 13:45:58.923 DEBUG [API-GATEWAY,,] 76376 --- [DiscoveryClient-CacheRefreshExecutor-0] o.s.c.g.r.RouteDefinitionRouteLocator    : RouteDefinition OAUTH2-SERVICE applying {_genkey_0=/oauth2-service/**} to Path
2023-02-04 13:45:58.926 DEBUG [API-GATEWAY,,] 76376 --- [DiscoveryClient-CacheRefreshExecutor-0] o.s.c.g.r.RouteDefinitionRouteLocator    : RouteDefinition OAUTH2-SERVICE applying {_genkey_0=GET, _genkey_1=POST} to Method
2023-02-04 13:45:58.932 DEBUG [API-GATEWAY,,] 76376 --- [DiscoveryClient-CacheRefreshExecutor-0] o.s.c.g.r.RouteDefinitionRouteLocator    : RouteDefinition OAUTH2-SERVICE applying filter {_genkey_0=/oauth2-service/(?<path>.*), _genkey_1=/$\{path}} to RewritePath
2023-02-04 13:45:58.941 DEBUG [API-GATEWAY,,] 76376 --- [DiscoveryClient-CacheRefreshExecutor-0] o.s.c.g.r.RouteDefinitionRouteLocator    : RouteDefinition matched: OAUTH2-SERVICE
2023-02-04 13:45:58.953 DEBUG [API-GATEWAY,,] 76376 --- [DiscoveryClient-CacheRefreshExecutor-0] o.s.c.g.filter.GatewayMetricsFilter      : New routes count: 3
2023-02-04 13:46:28.982 DEBUG [API-GATEWAY,,] 76376 --- [DiscoveryClient-CacheRefreshExecutor-0] o.s.c.g.r.RouteDefinitionRouteLocator    : RouteDefinition BOOK-MICROSERVICE applying {_genkey_0=/book/**} to Path
2023-02-04 13:46:28.987 DEBUG [API-GATEWAY,,] 76376 --- [DiscoveryClient-CacheRefreshExecutor-0] o.s.c.g.r.RouteDefinitionRouteLocator    : RouteDefinition BOOK-MICROSERVICE applying {_genkey_0=GET, _genkey_1=POST, _genkey_2=DELETE} to Method
2023-02-04 13:46:28.990 DEBUG [API-GATEWAY,,] 76376 --- [DiscoveryClient-CacheRefreshExecutor-0] o.s.c.g.r.RouteDefinitionRouteLocator    : RouteDefinition BOOK-MICROSERVICE applying filter {_genkey_0=/book/(?<path>.*), _genkey_1=/$\{path}} to RewritePath
2023-02-04 13:46:28.992 DEBUG [API-GATEWAY,,] 76376 --- [DiscoveryClient-CacheRefreshExecutor-0] o.s.c.g.r.RouteDefinitionRouteLocator    : RouteDefinition matched: BOOK-MICROSERVICE
2023-02-04 13:46:28.993 DEBUG [API-GATEWAY,,] 76376 --- [DiscoveryClient-CacheRefreshExecutor-0] o.s.c.g.r.RouteDefinitionRouteLocator    : RouteDefinition ISSUER-MICROSERVICE applying {_genkey_0=/issuer/**} to Path
2023-02-04 13:46:28.997 DEBUG [API-GATEWAY,,] 76376 --- [DiscoveryClient-CacheRefreshExecutor-0] o.s.c.g.r.RouteDefinitionRouteLocator    : RouteDefinition ISSUER-MICROSERVICE applying {_genkey_0=GET, _genkey_1=POST, _genkey_2=DELETE} to Method
2023-02-04 13:46:29.003 DEBUG [API-GATEWAY,,] 76376 --- [DiscoveryClient-CacheRefreshExecutor-0] o.s.c.g.r.RouteDefinitionRouteLocator    : RouteDefinition ISSUER-MICROSERVICE applying filter {_genkey_0=/issuer/(?<path>.*), _genkey_1=/$\{path}} to RewritePath
2023-02-04 13:46:29.006 DEBUG [API-GATEWAY,,] 76376 --- [DiscoveryClient-CacheRefreshExecutor-0] o.s.c.g.r.RouteDefinitionRouteLocator    : RouteDefinition matched: ISSUER-MICROSERVICE
2023-02-04 13:46:29.007 DEBUG [API-GATEWAY,,] 76376 --- [DiscoveryClient-CacheRefreshExecutor-0] o.s.c.g.r.RouteDefinitionRouteLocator    : RouteDefinition OAUTH2-SERVICE applying {_genkey_0=/oauth2-service/**} to Path
2023-02-04 13:46:29.011 DEBUG [API-GATEWAY,,] 76376 --- [DiscoveryClient-CacheRefreshExecutor-0] o.s.c.g.r.RouteDefinitionRouteLocator    : RouteDefinition OAUTH2-SERVICE applying {_genkey_0=GET, _genkey_1=POST} to Method
2023-02-04 13:46:29.014 DEBUG [API-GATEWAY,,] 76376 --- [DiscoveryClient-CacheRefreshExecutor-0] o.s.c.g.r.RouteDefinitionRouteLocator    : RouteDefinition OAUTH2-SERVICE applying filter {_genkey_0=/oauth2-service/(?<path>.*), _genkey_1=/$\{path}} to RewritePath
2023-02-04 13:46:29.016 DEBUG [API-GATEWAY,,] 76376 --- [DiscoveryClient-CacheRefreshExecutor-0] o.s.c.g.r.RouteDefinitionRouteLocator    : RouteDefinition matched: OAUTH2-SERVICE
2023-02-04 13:46:29.017 DEBUG [API-GATEWAY,,] 76376 --- [DiscoveryClient-CacheRefreshExecutor-0] o.s.c.g.filter.GatewayMetricsFilter      : New routes count: 3
2023-02-04 13:46:59.027 DEBUG [API-GATEWAY,,] 76376 --- [DiscoveryClient-CacheRefreshExecutor-0] o.s.c.g.r.RouteDefinitionRouteLocator    : RouteDefinition BOOK-MICROSERVICE applying {_genkey_0=/book/**} to Path
2023-02-04 13:46:59.029 DEBUG [API-GATEWAY,,] 76376 --- [DiscoveryClient-CacheRefreshExecutor-0] o.s.c.g.r.RouteDefinitionRouteLocator    : RouteDefinition BOOK-MICROSERVICE applying {_genkey_0=GET, _genkey_1=POST, _genkey_2=DELETE} to Method
2023-02-04 13:46:59.031 DEBUG [API-GATEWAY,,] 76376 --- [DiscoveryClient-CacheRefreshExecutor-0] o.s.c.g.r.RouteDefinitionRouteLocator    : RouteDefinition BOOK-MICROSERVICE applying filter {_genkey_0=/book/(?<path>.*), _genkey_1=/$\{path}} to RewritePath
2023-02-04 13:46:59.032 DEBUG [API-GATEWAY,,] 76376 --- [DiscoveryClient-CacheRefreshExecutor-0] o.s.c.g.r.RouteDefinitionRouteLocator    : RouteDefinition matched: BOOK-MICROSERVICE
2023-02-04 13:46:59.033 DEBUG [API-GATEWAY,,] 76376 --- [DiscoveryClient-CacheRefreshExecutor-0] o.s.c.g.r.RouteDefinitionRouteLocator    : RouteDefinition ISSUER-MICROSERVICE applying {_genkey_0=/issuer/**} to Path
2023-02-04 13:46:59.034 DEBUG [API-GATEWAY,,] 76376 --- [DiscoveryClient-CacheRefreshExecutor-0] o.s.c.g.r.RouteDefinitionRouteLocator    : RouteDefinition ISSUER-MICROSERVICE applying {_genkey_0=GET, _genkey_1=POST, _genkey_2=DELETE} to Method
2023-02-04 13:46:59.035 DEBUG [API-GATEWAY,,] 76376 --- [DiscoveryClient-CacheRefreshExecutor-0] o.s.c.g.r.RouteDefinitionRouteLocator    : RouteDefinition ISSUER-MICROSERVICE applying filter {_genkey_0=/issuer/(?<path>.*), _genkey_1=/$\{path}} to RewritePath
2023-02-04 13:46:59.036 DEBUG [API-GATEWAY,,] 76376 --- [DiscoveryClient-CacheRefreshExecutor-0] o.s.c.g.r.RouteDefinitionRouteLocator    : RouteDefinition matched: ISSUER-MICROSERVICE
2023-02-04 13:46:59.037 DEBUG [API-GATEWAY,,] 76376 --- [DiscoveryClient-CacheRefreshExecutor-0] o.s.c.g.r.RouteDefinitionRouteLocator    : RouteDefinition OAUTH2-SERVICE applying {_genkey_0=/oauth2-service/**} to Path
2023-02-04 13:46:59.039 DEBUG [API-GATEWAY,,] 76376 --- [DiscoveryClient-CacheRefreshExecutor-0] o.s.c.g.r.RouteDefinitionRouteLocator    : RouteDefinition OAUTH2-SERVICE applying {_genkey_0=GET, _genkey_1=POST} to Method
2023-02-04 13:46:59.040 DEBUG [API-GATEWAY,,] 76376 --- [DiscoveryClient-CacheRefreshExecutor-0] o.s.c.g.r.RouteDefinitionRouteLocator    : RouteDefinition OAUTH2-SERVICE applying filter {_genkey_0=/oauth2-service/(?<path>.*), _genkey_1=/$\{path}} to RewritePath
2023-02-04 13:46:59.042 DEBUG [API-GATEWAY,,] 76376 --- [DiscoveryClient-CacheRefreshExecutor-0] o.s.c.g.r.RouteDefinitionRouteLocator    : RouteDefinition matched: OAUTH2-SERVICE
2023-02-04 13:46:59.043 DEBUG [API-GATEWAY,,] 76376 --- [DiscoveryClient-CacheRefreshExecutor-0] o.s.c.g.filter.GatewayMetricsFilter      : New routes count: 3
2023-02-04 13:47:29.057 DEBUG [API-GATEWAY,,] 76376 --- [DiscoveryClient-CacheRefreshExecutor-0] o.s.c.g.r.RouteDefinitionRouteLocator    : RouteDefinition BOOK-MICROSERVICE applying {_genkey_0=/book/**} to Path
2023-02-04 13:47:29.070 DEBUG [API-GATEWAY,,] 76376 --- [DiscoveryClient-CacheRefreshExecutor-0] o.s.c.g.r.RouteDefinitionRouteLocator    : RouteDefinition BOOK-MICROSERVICE applying {_genkey_0=GET, _genkey_1=POST, _genkey_2=DELETE} to Method
2023-02-04 13:47:29.073 DEBUG [API-GATEWAY,,] 76376 --- [DiscoveryClient-CacheRefreshExecutor-0] o.s.c.g.r.RouteDefinitionRouteLocator    : RouteDefinition BOOK-MICROSERVICE applying filter {_genkey_0=/book/(?<path>.*), _genkey_1=/$\{path}} to RewritePath
2023-02-04 13:47:29.079 DEBUG [API-GATEWAY,,] 76376 --- [DiscoveryClient-CacheRefreshExecutor-0] o.s.c.g.r.RouteDefinitionRouteLocator    : RouteDefinition matched: BOOK-MICROSERVICE
2023-02-04 13:47:29.084 DEBUG [API-GATEWAY,,] 76376 --- [DiscoveryClient-CacheRefreshExecutor-0] o.s.c.g.r.RouteDefinitionRouteLocator    : RouteDefinition ISSUER-MICROSERVICE applying {_genkey_0=/issuer/**} to Path
2023-02-04 13:47:29.087 DEBUG [API-GATEWAY,,] 76376 --- [DiscoveryClient-CacheRefreshExecutor-0] o.s.c.g.r.RouteDefinitionRouteLocator    : RouteDefinition ISSUER-MICROSERVICE applying {_genkey_0=GET, _genkey_1=POST, _genkey_2=DELETE} to Method
2023-02-04 13:47:29.091 DEBUG [API-GATEWAY,,] 76376 --- [DiscoveryClient-CacheRefreshExecutor-0] o.s.c.g.r.RouteDefinitionRouteLocator    : RouteDefinition ISSUER-MICROSERVICE applying filter {_genkey_0=/issuer/(?<path>.*), _genkey_1=/$\{path}} to RewritePath
2023-02-04 13:47:29.098 DEBUG [API-GATEWAY,,] 76376 --- [DiscoveryClient-CacheRefreshExecutor-0] o.s.c.g.r.RouteDefinitionRouteLocator    : RouteDefinition matched: ISSUER-MICROSERVICE
2023-02-04 13:47:29.099 DEBUG [API-GATEWAY,,] 76376 --- [DiscoveryClient-CacheRefreshExecutor-0] o.s.c.g.r.RouteDefinitionRouteLocator    : RouteDefinition OAUTH2-SERVICE applying {_genkey_0=/oauth2-service/**} to Path
2023-02-04 13:47:29.105 DEBUG [API-GATEWAY,,] 76376 --- [DiscoveryClient-CacheRefreshExecutor-0] o.s.c.g.r.RouteDefinitionRouteLocator    : RouteDefinition OAUTH2-SERVICE applying {_genkey_0=GET, _genkey_1=POST} to Method
2023-02-04 13:47:29.117 DEBUG [API-GATEWAY,,] 76376 --- [DiscoveryClient-CacheRefreshExecutor-0] o.s.c.g.r.RouteDefinitionRouteLocator    : RouteDefinition OAUTH2-SERVICE applying filter {_genkey_0=/oauth2-service/(?<path>.*), _genkey_1=/$\{path}} to RewritePath
2023-02-04 13:47:29.128 DEBUG [API-GATEWAY,,] 76376 --- [DiscoveryClient-CacheRefreshExecutor-0] o.s.c.g.r.RouteDefinitionRouteLocator    : RouteDefinition matched: OAUTH2-SERVICE
2023-02-04 13:47:29.134 DEBUG [API-GATEWAY,,] 76376 --- [DiscoveryClient-CacheRefreshExecutor-0] o.s.c.g.filter.GatewayMetricsFilter      : New routes count: 3
2023-02-04 13:47:57.614  INFO [API-GATEWAY,,] 76376 --- [AsyncResolver-bootstrap-executor-0] c.n.d.s.r.aws.ConfigClusterResolver      : Resolving eureka endpoints via configuration
2023-02-04 13:47:59.213 DEBUG [API-GATEWAY,,] 76376 --- [DiscoveryClient-CacheRefreshExecutor-0] o.s.c.g.r.RouteDefinitionRouteLocator    : RouteDefinition BOOK-MICROSERVICE applying {_genkey_0=/book/**} to Path
2023-02-04 13:47:59.216 DEBUG [API-GATEWAY,,] 76376 --- [DiscoveryClient-CacheRefreshExecutor-0] o.s.c.g.r.RouteDefinitionRouteLocator    : RouteDefinition BOOK-MICROSERVICE applying {_genkey_0=GET, _genkey_1=POST, _genkey_2=DELETE} to Method
2023-02-04 13:47:59.221 DEBUG [API-GATEWAY,,] 76376 --- [DiscoveryClient-CacheRefreshExecutor-0] o.s.c.g.r.RouteDefinitionRouteLocator    : RouteDefinition BOOK-MICROSERVICE applying filter {_genkey_0=/book/(?<path>.*), _genkey_1=/$\{path}} to RewritePath
2023-02-04 13:47:59.224 DEBUG [API-GATEWAY,,] 76376 --- [DiscoveryClient-CacheRefreshExecutor-0] o.s.c.g.r.RouteDefinitionRouteLocator    : RouteDefinition matched: BOOK-MICROSERVICE
2023-02-04 13:47:59.229 DEBUG [API-GATEWAY,,] 76376 --- [DiscoveryClient-CacheRefreshExecutor-0] o.s.c.g.r.RouteDefinitionRouteLocator    : RouteDefinition ISSUER-MICROSERVICE applying {_genkey_0=/issuer/**} to Path
2023-02-04 13:47:59.233 DEBUG [API-GATEWAY,,] 76376 --- [DiscoveryClient-CacheRefreshExecutor-0] o.s.c.g.r.RouteDefinitionRouteLocator    : RouteDefinition ISSUER-MICROSERVICE applying {_genkey_0=GET, _genkey_1=POST, _genkey_2=DELETE} to Method
2023-02-04 13:47:59.235 DEBUG [API-GATEWAY,,] 76376 --- [DiscoveryClient-CacheRefreshExecutor-0] o.s.c.g.r.RouteDefinitionRouteLocator    : RouteDefinition ISSUER-MICROSERVICE applying filter {_genkey_0=/issuer/(?<path>.*), _genkey_1=/$\{path}} to RewritePath
2023-02-04 13:47:59.236 DEBUG [API-GATEWAY,,] 76376 --- [DiscoveryClient-CacheRefreshExecutor-0] o.s.c.g.r.RouteDefinitionRouteLocator    : RouteDefinition matched: ISSUER-MICROSERVICE
2023-02-04 13:47:59.237 DEBUG [API-GATEWAY,,] 76376 --- [DiscoveryClient-CacheRefreshExecutor-0] o.s.c.g.r.RouteDefinitionRouteLocator    : RouteDefinition OAUTH2-SERVICE applying {_genkey_0=/oauth2-service/**} to Path
2023-02-04 13:47:59.239 DEBUG [API-GATEWAY,,] 76376 --- [DiscoveryClient-CacheRefreshExecutor-0] o.s.c.g.r.RouteDefinitionRouteLocator    : RouteDefinition OAUTH2-SERVICE applying {_genkey_0=GET, _genkey_1=POST} to Method
2023-02-04 13:47:59.240 DEBUG [API-GATEWAY,,] 76376 --- [DiscoveryClient-CacheRefreshExecutor-0] o.s.c.g.r.RouteDefinitionRouteLocator    : RouteDefinition OAUTH2-SERVICE applying filter {_genkey_0=/oauth2-service/(?<path>.*), _genkey_1=/$\{path}} to RewritePath
2023-02-04 13:47:59.241 DEBUG [API-GATEWAY,,] 76376 --- [DiscoveryClient-CacheRefreshExecutor-0] o.s.c.g.r.RouteDefinitionRouteLocator    : RouteDefinition matched: OAUTH2-SERVICE
2023-02-04 13:47:59.245 DEBUG [API-GATEWAY,,] 76376 --- [DiscoveryClient-CacheRefreshExecutor-0] o.s.c.g.filter.GatewayMetricsFilter      : New routes count: 3
2023-02-04 13:48:29.286 DEBUG [API-GATEWAY,,] 76376 --- [DiscoveryClient-CacheRefreshExecutor-0] o.s.c.g.r.RouteDefinitionRouteLocator    : RouteDefinition BOOK-MICROSERVICE applying {_genkey_0=/book/**} to Path
2023-02-04 13:48:29.290 DEBUG [API-GATEWAY,,] 76376 --- [DiscoveryClient-CacheRefreshExecutor-0] o.s.c.g.r.RouteDefinitionRouteLocator    : RouteDefinition BOOK-MICROSERVICE applying {_genkey_0=GET, _genkey_1=POST, _genkey_2=DELETE} to Method
2023-02-04 13:48:29.293 DEBUG [API-GATEWAY,,] 76376 --- [DiscoveryClient-CacheRefreshExecutor-0] o.s.c.g.r.RouteDefinitionRouteLocator    : RouteDefinition BOOK-MICROSERVICE applying filter {_genkey_0=/book/(?<path>.*), _genkey_1=/$\{path}} to RewritePath
2023-02-04 13:48:29.296 DEBUG [API-GATEWAY,,] 76376 --- [DiscoveryClient-CacheRefreshExecutor-0] o.s.c.g.r.RouteDefinitionRouteLocator    : RouteDefinition matched: BOOK-MICROSERVICE
2023-02-04 13:48:29.296 DEBUG [API-GATEWAY,,] 76376 --- [DiscoveryClient-CacheRefreshExecutor-0] o.s.c.g.r.RouteDefinitionRouteLocator    : RouteDefinition ISSUER-MICROSERVICE applying {_genkey_0=/issuer/**} to Path
2023-02-04 13:48:29.299 DEBUG [API-GATEWAY,,] 76376 --- [DiscoveryClient-CacheRefreshExecutor-0] o.s.c.g.r.RouteDefinitionRouteLocator    : RouteDefinition ISSUER-MICROSERVICE applying {_genkey_0=GET, _genkey_1=POST, _genkey_2=DELETE} to Method
2023-02-04 13:48:29.303 DEBUG [API-GATEWAY,,] 76376 --- [DiscoveryClient-CacheRefreshExecutor-0] o.s.c.g.r.RouteDefinitionRouteLocator    : RouteDefinition ISSUER-MICROSERVICE applying filter {_genkey_0=/issuer/(?<path>.*), _genkey_1=/$\{path}} to RewritePath
2023-02-04 13:48:29.306 DEBUG [API-GATEWAY,,] 76376 --- [DiscoveryClient-CacheRefreshExecutor-0] o.s.c.g.r.RouteDefinitionRouteLocator    : RouteDefinition matched: ISSUER-MICROSERVICE
2023-02-04 13:48:29.306 DEBUG [API-GATEWAY,,] 76376 --- [DiscoveryClient-CacheRefreshExecutor-0] o.s.c.g.r.RouteDefinitionRouteLocator    : RouteDefinition OAUTH2-SERVICE applying {_genkey_0=/oauth2-service/**} to Path
2023-02-04 13:48:29.310 DEBUG [API-GATEWAY,,] 76376 --- [DiscoveryClient-CacheRefreshExecutor-0] o.s.c.g.r.RouteDefinitionRouteLocator    : RouteDefinition OAUTH2-SERVICE applying {_genkey_0=GET, _genkey_1=POST} to Method
2023-02-04 13:48:29.312 DEBUG [API-GATEWAY,,] 76376 --- [DiscoveryClient-CacheRefreshExecutor-0] o.s.c.g.r.RouteDefinitionRouteLocator    : RouteDefinition OAUTH2-SERVICE applying filter {_genkey_0=/oauth2-service/(?<path>.*), _genkey_1=/$\{path}} to RewritePath
2023-02-04 13:48:29.315 DEBUG [API-GATEWAY,,] 76376 --- [DiscoveryClient-CacheRefreshExecutor-0] o.s.c.g.r.RouteDefinitionRouteLocator    : RouteDefinition matched: OAUTH2-SERVICE
2023-02-04 13:48:29.317 DEBUG [API-GATEWAY,,] 76376 --- [DiscoveryClient-CacheRefreshExecutor-0] o.s.c.g.filter.GatewayMetricsFilter      : New routes count: 3
2023-02-04 13:48:59.347 DEBUG [API-GATEWAY,,] 76376 --- [DiscoveryClient-CacheRefreshExecutor-0] o.s.c.g.r.RouteDefinitionRouteLocator    : RouteDefinition BOOK-MICROSERVICE applying {_genkey_0=/book/**} to Path
2023-02-04 13:48:59.348 DEBUG [API-GATEWAY,,] 76376 --- [DiscoveryClient-CacheRefreshExecutor-0] o.s.c.g.r.RouteDefinitionRouteLocator    : RouteDefinition BOOK-MICROSERVICE applying {_genkey_0=GET, _genkey_1=POST, _genkey_2=DELETE} to Method
2023-02-04 13:48:59.351 DEBUG [API-GATEWAY,,] 76376 --- [DiscoveryClient-CacheRefreshExecutor-0] o.s.c.g.r.RouteDefinitionRouteLocator    : RouteDefinition BOOK-MICROSERVICE applying filter {_genkey_0=/book/(?<path>.*), _genkey_1=/$\{path}} to RewritePath
2023-02-04 13:48:59.354 DEBUG [API-GATEWAY,,] 76376 --- [DiscoveryClient-CacheRefreshExecutor-0] o.s.c.g.r.RouteDefinitionRouteLocator    : RouteDefinition matched: BOOK-MICROSERVICE
2023-02-04 13:48:59.355 DEBUG [API-GATEWAY,,] 76376 --- [DiscoveryClient-CacheRefreshExecutor-0] o.s.c.g.r.RouteDefinitionRouteLocator    : RouteDefinition ISSUER-MICROSERVICE applying {_genkey_0=/issuer/**} to Path
2023-02-04 13:48:59.361 DEBUG [API-GATEWAY,,] 76376 --- [DiscoveryClient-CacheRefreshExecutor-0] o.s.c.g.r.RouteDefinitionRouteLocator    : RouteDefinition ISSUER-MICROSERVICE applying {_genkey_0=GET, _genkey_1=POST, _genkey_2=DELETE} to Method
2023-02-04 13:48:59.365 DEBUG [API-GATEWAY,,] 76376 --- [DiscoveryClient-CacheRefreshExecutor-0] o.s.c.g.r.RouteDefinitionRouteLocator    : RouteDefinition ISSUER-MICROSERVICE applying filter {_genkey_0=/issuer/(?<path>.*), _genkey_1=/$\{path}} to RewritePath
2023-02-04 13:48:59.370 DEBUG [API-GATEWAY,,] 76376 --- [DiscoveryClient-CacheRefreshExecutor-0] o.s.c.g.r.RouteDefinitionRouteLocator    : RouteDefinition matched: ISSUER-MICROSERVICE
2023-02-04 13:48:59.371 DEBUG [API-GATEWAY,,] 76376 --- [DiscoveryClient-CacheRefreshExecutor-0] o.s.c.g.r.RouteDefinitionRouteLocator    : RouteDefinition OAUTH2-SERVICE applying {_genkey_0=/oauth2-service/**} to Path
2023-02-04 13:48:59.382 DEBUG [API-GATEWAY,,] 76376 --- [DiscoveryClient-CacheRefreshExecutor-0] o.s.c.g.r.RouteDefinitionRouteLocator    : RouteDefinition OAUTH2-SERVICE applying {_genkey_0=GET, _genkey_1=POST} to Method
2023-02-04 13:48:59.384 DEBUG [API-GATEWAY,,] 76376 --- [DiscoveryClient-CacheRefreshExecutor-0] o.s.c.g.r.RouteDefinitionRouteLocator    : RouteDefinition OAUTH2-SERVICE applying filter {_genkey_0=/oauth2-service/(?<path>.*), _genkey_1=/$\{path}} to RewritePath
2023-02-04 13:48:59.386 DEBUG [API-GATEWAY,,] 76376 --- [DiscoveryClient-CacheRefreshExecutor-0] o.s.c.g.r.RouteDefinitionRouteLocator    : RouteDefinition matched: OAUTH2-SERVICE
2023-02-04 13:48:59.387 DEBUG [API-GATEWAY,,] 76376 --- [DiscoveryClient-CacheRefreshExecutor-0] o.s.c.g.filter.GatewayMetricsFilter      : New routes count: 3
2023-02-04 13:49:29.396 DEBUG [API-GATEWAY,,] 76376 --- [DiscoveryClient-CacheRefreshExecutor-0] o.s.c.g.r.RouteDefinitionRouteLocator    : RouteDefinition BOOK-MICROSERVICE applying {_genkey_0=/book/**} to Path
2023-02-04 13:49:29.398 DEBUG [API-GATEWAY,,] 76376 --- [DiscoveryClient-CacheRefreshExecutor-0] o.s.c.g.r.RouteDefinitionRouteLocator    : RouteDefinition BOOK-MICROSERVICE applying {_genkey_0=GET, _genkey_1=POST, _genkey_2=DELETE} to Method
2023-02-04 13:49:29.400 DEBUG [API-GATEWAY,,] 76376 --- [DiscoveryClient-CacheRefreshExecutor-0] o.s.c.g.r.RouteDefinitionRouteLocator    : RouteDefinition BOOK-MICROSERVICE applying filter {_genkey_0=/book/(?<path>.*), _genkey_1=/$\{path}} to RewritePath
2023-02-04 13:49:29.401 DEBUG [API-GATEWAY,,] 76376 --- [DiscoveryClient-CacheRefreshExecutor-0] o.s.c.g.r.RouteDefinitionRouteLocator    : RouteDefinition matched: BOOK-MICROSERVICE
2023-02-04 13:49:29.401 DEBUG [API-GATEWAY,,] 76376 --- [DiscoveryClient-CacheRefreshExecutor-0] o.s.c.g.r.RouteDefinitionRouteLocator    : RouteDefinition ISSUER-MICROSERVICE applying {_genkey_0=/issuer/**} to Path
2023-02-04 13:49:29.402 DEBUG [API-GATEWAY,,] 76376 --- [DiscoveryClient-CacheRefreshExecutor-0] o.s.c.g.r.RouteDefinitionRouteLocator    : RouteDefinition ISSUER-MICROSERVICE applying {_genkey_0=GET, _genkey_1=POST, _genkey_2=DELETE} to Method
2023-02-04 13:49:29.403 DEBUG [API-GATEWAY,,] 76376 --- [DiscoveryClient-CacheRefreshExecutor-0] o.s.c.g.r.RouteDefinitionRouteLocator    : RouteDefinition ISSUER-MICROSERVICE applying filter {_genkey_0=/issuer/(?<path>.*), _genkey_1=/$\{path}} to RewritePath
2023-02-04 13:49:29.405 DEBUG [API-GATEWAY,,] 76376 --- [DiscoveryClient-CacheRefreshExecutor-0] o.s.c.g.r.RouteDefinitionRouteLocator    : RouteDefinition matched: ISSUER-MICROSERVICE
2023-02-04 13:49:29.406 DEBUG [API-GATEWAY,,] 76376 --- [DiscoveryClient-CacheRefreshExecutor-0] o.s.c.g.r.RouteDefinitionRouteLocator    : RouteDefinition OAUTH2-SERVICE applying {_genkey_0=/oauth2-service/**} to Path
2023-02-04 13:49:29.407 DEBUG [API-GATEWAY,,] 76376 --- [DiscoveryClient-CacheRefreshExecutor-0] o.s.c.g.r.RouteDefinitionRouteLocator    : RouteDefinition OAUTH2-SERVICE applying {_genkey_0=GET, _genkey_1=POST} to Method
2023-02-04 13:49:29.409 DEBUG [API-GATEWAY,,] 76376 --- [DiscoveryClient-CacheRefreshExecutor-0] o.s.c.g.r.RouteDefinitionRouteLocator    : RouteDefinition OAUTH2-SERVICE applying filter {_genkey_0=/oauth2-service/(?<path>.*), _genkey_1=/$\{path}} to RewritePath
2023-02-04 13:49:29.410 DEBUG [API-GATEWAY,,] 76376 --- [DiscoveryClient-CacheRefreshExecutor-0] o.s.c.g.r.RouteDefinitionRouteLocator    : RouteDefinition matched: OAUTH2-SERVICE
2023-02-04 13:49:29.411 DEBUG [API-GATEWAY,,] 76376 --- [DiscoveryClient-CacheRefreshExecutor-0] o.s.c.g.filter.GatewayMetricsFilter      : New routes count: 3
2023-02-04 13:49:59.469 DEBUG [API-GATEWAY,,] 76376 --- [DiscoveryClient-CacheRefreshExecutor-0] o.s.c.g.r.RouteDefinitionRouteLocator    : RouteDefinition BOOK-MICROSERVICE applying {_genkey_0=/book/**} to Path
2023-02-04 13:49:59.472 DEBUG [API-GATEWAY,,] 76376 --- [DiscoveryClient-CacheRefreshExecutor-0] o.s.c.g.r.RouteDefinitionRouteLocator    : RouteDefinition BOOK-MICROSERVICE applying {_genkey_0=GET, _genkey_1=POST, _genkey_2=DELETE} to Method
2023-02-04 13:49:59.474 DEBUG [API-GATEWAY,,] 76376 --- [DiscoveryClient-CacheRefreshExecutor-0] o.s.c.g.r.RouteDefinitionRouteLocator    : RouteDefinition BOOK-MICROSERVICE applying filter {_genkey_0=/book/(?<path>.*), _genkey_1=/$\{path}} to RewritePath
2023-02-04 13:49:59.476 DEBUG [API-GATEWAY,,] 76376 --- [DiscoveryClient-CacheRefreshExecutor-0] o.s.c.g.r.RouteDefinitionRouteLocator    : RouteDefinition matched: BOOK-MICROSERVICE
2023-02-04 13:49:59.477 DEBUG [API-GATEWAY,,] 76376 --- [DiscoveryClient-CacheRefreshExecutor-0] o.s.c.g.r.RouteDefinitionRouteLocator    : RouteDefinition ISSUER-MICROSERVICE applying {_genkey_0=/issuer/**} to Path
2023-02-04 13:49:59.479 DEBUG [API-GATEWAY,,] 76376 --- [DiscoveryClient-CacheRefreshExecutor-0] o.s.c.g.r.RouteDefinitionRouteLocator    : RouteDefinition ISSUER-MICROSERVICE applying {_genkey_0=GET, _genkey_1=POST, _genkey_2=DELETE} to Method
2023-02-04 13:49:59.482 DEBUG [API-GATEWAY,,] 76376 --- [DiscoveryClient-CacheRefreshExecutor-0] o.s.c.g.r.RouteDefinitionRouteLocator    : RouteDefinition ISSUER-MICROSERVICE applying filter {_genkey_0=/issuer/(?<path>.*), _genkey_1=/$\{path}} to RewritePath
2023-02-04 13:49:59.484 DEBUG [API-GATEWAY,,] 76376 --- [DiscoveryClient-CacheRefreshExecutor-0] o.s.c.g.r.RouteDefinitionRouteLocator    : RouteDefinition matched: ISSUER-MICROSERVICE
2023-02-04 13:49:59.484 DEBUG [API-GATEWAY,,] 76376 --- [DiscoveryClient-CacheRefreshExecutor-0] o.s.c.g.r.RouteDefinitionRouteLocator    : RouteDefinition OAUTH2-SERVICE applying {_genkey_0=/oauth2-service/**} to Path
2023-02-04 13:49:59.485 DEBUG [API-GATEWAY,,] 76376 --- [DiscoveryClient-CacheRefreshExecutor-0] o.s.c.g.r.RouteDefinitionRouteLocator    : RouteDefinition OAUTH2-SERVICE applying {_genkey_0=GET, _genkey_1=POST} to Method
2023-02-04 13:49:59.487 DEBUG [API-GATEWAY,,] 76376 --- [DiscoveryClient-CacheRefreshExecutor-0] o.s.c.g.r.RouteDefinitionRouteLocator    : RouteDefinition OAUTH2-SERVICE applying filter {_genkey_0=/oauth2-service/(?<path>.*), _genkey_1=/$\{path}} to RewritePath
2023-02-04 13:49:59.488 DEBUG [API-GATEWAY,,] 76376 --- [DiscoveryClient-CacheRefreshExecutor-0] o.s.c.g.r.RouteDefinitionRouteLocator    : RouteDefinition matched: OAUTH2-SERVICE
2023-02-04 13:49:59.489 DEBUG [API-GATEWAY,,] 76376 --- [DiscoveryClient-CacheRefreshExecutor-0] o.s.c.g.filter.GatewayMetricsFilter      : New routes count: 3
2023-02-04 13:50:31.027 DEBUG [API-GATEWAY,,] 76376 --- [DiscoveryClient-CacheRefreshExecutor-0] o.s.c.g.r.RouteDefinitionRouteLocator    : RouteDefinition BOOK-MICROSERVICE applying {_genkey_0=/book/**} to Path
2023-02-04 13:50:31.029 DEBUG [API-GATEWAY,,] 76376 --- [DiscoveryClient-CacheRefreshExecutor-0] o.s.c.g.r.RouteDefinitionRouteLocator    : RouteDefinition BOOK-MICROSERVICE applying {_genkey_0=GET, _genkey_1=POST, _genkey_2=DELETE} to Method
2023-02-04 13:50:31.031 DEBUG [API-GATEWAY,,] 76376 --- [DiscoveryClient-CacheRefreshExecutor-0] o.s.c.g.r.RouteDefinitionRouteLocator    : RouteDefinition BOOK-MICROSERVICE applying filter {_genkey_0=/book/(?<path>.*), _genkey_1=/$\{path}} to RewritePath
2023-02-04 13:50:31.032 DEBUG [API-GATEWAY,,] 76376 --- [DiscoveryClient-CacheRefreshExecutor-0] o.s.c.g.r.RouteDefinitionRouteLocator    : RouteDefinition matched: BOOK-MICROSERVICE
2023-02-04 13:50:31.032 DEBUG [API-GATEWAY,,] 76376 --- [DiscoveryClient-CacheRefreshExecutor-0] o.s.c.g.r.RouteDefinitionRouteLocator    : RouteDefinition ISSUER-MICROSERVICE applying {_genkey_0=/issuer/**} to Path
2023-02-04 13:50:31.034 DEBUG [API-GATEWAY,,] 76376 --- [DiscoveryClient-CacheRefreshExecutor-0] o.s.c.g.r.RouteDefinitionRouteLocator    : RouteDefinition ISSUER-MICROSERVICE applying {_genkey_0=GET, _genkey_1=POST, _genkey_2=DELETE} to Method
2023-02-04 13:50:31.035 DEBUG [API-GATEWAY,,] 76376 --- [DiscoveryClient-CacheRefreshExecutor-0] o.s.c.g.r.RouteDefinitionRouteLocator    : RouteDefinition ISSUER-MICROSERVICE applying filter {_genkey_0=/issuer/(?<path>.*), _genkey_1=/$\{path}} to RewritePath
2023-02-04 13:50:31.037 DEBUG [API-GATEWAY,,] 76376 --- [DiscoveryClient-CacheRefreshExecutor-0] o.s.c.g.r.RouteDefinitionRouteLocator    : RouteDefinition matched: ISSUER-MICROSERVICE
2023-02-04 13:50:31.037 DEBUG [API-GATEWAY,,] 76376 --- [DiscoveryClient-CacheRefreshExecutor-0] o.s.c.g.r.RouteDefinitionRouteLocator    : RouteDefinition OAUTH2-SERVICE applying {_genkey_0=/oauth2-service/**} to Path
2023-02-04 13:50:31.039 DEBUG [API-GATEWAY,,] 76376 --- [DiscoveryClient-CacheRefreshExecutor-0] o.s.c.g.r.RouteDefinitionRouteLocator    : RouteDefinition OAUTH2-SERVICE applying {_genkey_0=GET, _genkey_1=POST} to Method
2023-02-04 13:50:31.040 DEBUG [API-GATEWAY,,] 76376 --- [DiscoveryClient-CacheRefreshExecutor-0] o.s.c.g.r.RouteDefinitionRouteLocator    : RouteDefinition OAUTH2-SERVICE applying filter {_genkey_0=/oauth2-service/(?<path>.*), _genkey_1=/$\{path}} to RewritePath
2023-02-04 13:50:31.041 DEBUG [API-GATEWAY,,] 76376 --- [DiscoveryClient-CacheRefreshExecutor-0] o.s.c.g.r.RouteDefinitionRouteLocator    : RouteDefinition matched: OAUTH2-SERVICE
2023-02-04 13:50:31.042 DEBUG [API-GATEWAY,,] 76376 --- [DiscoveryClient-CacheRefreshExecutor-0] o.s.c.g.filter.GatewayMetricsFilter      : New routes count: 3
2023-02-04 13:51:01.048 DEBUG [API-GATEWAY,,] 76376 --- [DiscoveryClient-CacheRefreshExecutor-0] o.s.c.g.r.RouteDefinitionRouteLocator    : RouteDefinition BOOK-MICROSERVICE applying {_genkey_0=/book/**} to Path
2023-02-04 13:51:01.049 DEBUG [API-GATEWAY,,] 76376 --- [DiscoveryClient-CacheRefreshExecutor-0] o.s.c.g.r.RouteDefinitionRouteLocator    : RouteDefinition BOOK-MICROSERVICE applying {_genkey_0=GET, _genkey_1=POST, _genkey_2=DELETE} to Method
2023-02-04 13:51:01.051 DEBUG [API-GATEWAY,,] 76376 --- [DiscoveryClient-CacheRefreshExecutor-0] o.s.c.g.r.RouteDefinitionRouteLocator    : RouteDefinition BOOK-MICROSERVICE applying filter {_genkey_0=/book/(?<path>.*), _genkey_1=/$\{path}} to RewritePath
2023-02-04 13:51:01.052 DEBUG [API-GATEWAY,,] 76376 --- [DiscoveryClient-CacheRefreshExecutor-0] o.s.c.g.r.RouteDefinitionRouteLocator    : RouteDefinition matched: BOOK-MICROSERVICE
2023-02-04 13:51:01.053 DEBUG [API-GATEWAY,,] 76376 --- [DiscoveryClient-CacheRefreshExecutor-0] o.s.c.g.r.RouteDefinitionRouteLocator    : RouteDefinition ISSUER-MICROSERVICE applying {_genkey_0=/issuer/**} to Path
2023-02-04 13:51:01.053 DEBUG [API-GATEWAY,,] 76376 --- [DiscoveryClient-CacheRefreshExecutor-0] o.s.c.g.r.RouteDefinitionRouteLocator    : RouteDefinition ISSUER-MICROSERVICE applying {_genkey_0=GET, _genkey_1=POST, _genkey_2=DELETE} to Method
2023-02-04 13:51:01.054 DEBUG [API-GATEWAY,,] 76376 --- [DiscoveryClient-CacheRefreshExecutor-0] o.s.c.g.r.RouteDefinitionRouteLocator    : RouteDefinition ISSUER-MICROSERVICE applying filter {_genkey_0=/issuer/(?<path>.*), _genkey_1=/$\{path}} to RewritePath
2023-02-04 13:51:01.055 DEBUG [API-GATEWAY,,] 76376 --- [DiscoveryClient-CacheRefreshExecutor-0] o.s.c.g.r.RouteDefinitionRouteLocator    : RouteDefinition matched: ISSUER-MICROSERVICE
2023-02-04 13:51:01.055 DEBUG [API-GATEWAY,,] 76376 --- [DiscoveryClient-CacheRefreshExecutor-0] o.s.c.g.r.RouteDefinitionRouteLocator    : RouteDefinition OAUTH2-SERVICE applying {_genkey_0=/oauth2-service/**} to Path
2023-02-04 13:51:01.056 DEBUG [API-GATEWAY,,] 76376 --- [DiscoveryClient-CacheRefreshExecutor-0] o.s.c.g.r.RouteDefinitionRouteLocator    : RouteDefinition OAUTH2-SERVICE applying {_genkey_0=GET, _genkey_1=POST} to Method
2023-02-04 13:51:01.057 DEBUG [API-GATEWAY,,] 76376 --- [DiscoveryClient-CacheRefreshExecutor-0] o.s.c.g.r.RouteDefinitionRouteLocator    : RouteDefinition OAUTH2-SERVICE applying filter {_genkey_0=/oauth2-service/(?<path>.*), _genkey_1=/$\{path}} to RewritePath
2023-02-04 13:51:01.058 DEBUG [API-GATEWAY,,] 76376 --- [DiscoveryClient-CacheRefreshExecutor-0] o.s.c.g.r.RouteDefinitionRouteLocator    : RouteDefinition matched: OAUTH2-SERVICE
2023-02-04 13:51:01.060 DEBUG [API-GATEWAY,,] 76376 --- [DiscoveryClient-CacheRefreshExecutor-0] o.s.c.g.filter.GatewayMetricsFilter      : New routes count: 3
2023-02-04 13:51:32.419 DEBUG [API-GATEWAY,,] 76376 --- [DiscoveryClient-CacheRefreshExecutor-0] o.s.c.g.r.RouteDefinitionRouteLocator    : RouteDefinition BOOK-MICROSERVICE applying {_genkey_0=/book/**} to Path
2023-02-04 13:51:32.422 DEBUG [API-GATEWAY,,] 76376 --- [DiscoveryClient-CacheRefreshExecutor-0] o.s.c.g.r.RouteDefinitionRouteLocator    : RouteDefinition BOOK-MICROSERVICE applying {_genkey_0=GET, _genkey_1=POST, _genkey_2=DELETE} to Method
2023-02-04 13:51:32.424 DEBUG [API-GATEWAY,,] 76376 --- [DiscoveryClient-CacheRefreshExecutor-0] o.s.c.g.r.RouteDefinitionRouteLocator    : RouteDefinition BOOK-MICROSERVICE applying filter {_genkey_0=/book/(?<path>.*), _genkey_1=/$\{path}} to RewritePath
2023-02-04 13:51:32.428 DEBUG [API-GATEWAY,,] 76376 --- [DiscoveryClient-CacheRefreshExecutor-0] o.s.c.g.r.RouteDefinitionRouteLocator    : RouteDefinition matched: BOOK-MICROSERVICE
2023-02-04 13:51:32.429 DEBUG [API-GATEWAY,,] 76376 --- [DiscoveryClient-CacheRefreshExecutor-0] o.s.c.g.r.RouteDefinitionRouteLocator    : RouteDefinition ISSUER-MICROSERVICE applying {_genkey_0=/issuer/**} to Path
2023-02-04 13:51:32.432 DEBUG [API-GATEWAY,,] 76376 --- [DiscoveryClient-CacheRefreshExecutor-0] o.s.c.g.r.RouteDefinitionRouteLocator    : RouteDefinition ISSUER-MICROSERVICE applying {_genkey_0=GET, _genkey_1=POST, _genkey_2=DELETE} to Method
2023-02-04 13:51:32.434 DEBUG [API-GATEWAY,,] 76376 --- [DiscoveryClient-CacheRefreshExecutor-0] o.s.c.g.r.RouteDefinitionRouteLocator    : RouteDefinition ISSUER-MICROSERVICE applying filter {_genkey_0=/issuer/(?<path>.*), _genkey_1=/$\{path}} to RewritePath
2023-02-04 13:51:32.436 DEBUG [API-GATEWAY,,] 76376 --- [DiscoveryClient-CacheRefreshExecutor-0] o.s.c.g.r.RouteDefinitionRouteLocator    : RouteDefinition matched: ISSUER-MICROSERVICE
2023-02-04 13:51:32.437 DEBUG [API-GATEWAY,,] 76376 --- [DiscoveryClient-CacheRefreshExecutor-0] o.s.c.g.r.RouteDefinitionRouteLocator    : RouteDefinition OAUTH2-SERVICE applying {_genkey_0=/oauth2-service/**} to Path
2023-02-04 13:51:32.438 DEBUG [API-GATEWAY,,] 76376 --- [DiscoveryClient-CacheRefreshExecutor-0] o.s.c.g.r.RouteDefinitionRouteLocator    : RouteDefinition OAUTH2-SERVICE applying {_genkey_0=GET, _genkey_1=POST} to Method
2023-02-04 13:51:32.439 DEBUG [API-GATEWAY,,] 76376 --- [DiscoveryClient-CacheRefreshExecutor-0] o.s.c.g.r.RouteDefinitionRouteLocator    : RouteDefinition OAUTH2-SERVICE applying filter {_genkey_0=/oauth2-service/(?<path>.*), _genkey_1=/$\{path}} to RewritePath
2023-02-04 13:51:32.440 DEBUG [API-GATEWAY,,] 76376 --- [DiscoveryClient-CacheRefreshExecutor-0] o.s.c.g.r.RouteDefinitionRouteLocator    : RouteDefinition matched: OAUTH2-SERVICE
2023-02-04 13:51:32.441 DEBUG [API-GATEWAY,,] 76376 --- [DiscoveryClient-CacheRefreshExecutor-0] o.s.c.g.filter.GatewayMetricsFilter      : New routes count: 3
